{"message":"/assets/public/content/do_312588207166242816117263/artifact/girl_1536646382798.jpg ------- do_312588209333903360216861 -------- RHS[0] ------- TYPE image \n","level":"info"}
{"message":"/assets/public/content/do_312588207684116480216853/artifact/wheel_1536646446012.jpg ------- do_312588209333903360216861 -------- LHS[2] ------- TYPE image \n","level":"info"}
{"message":"/assets/public/content/do_312588208130064384216856/artifact/chair_1536646500572.jpg ------- do_312588209333903360216861 -------- RHS[2] ------- TYPE image \n","level":"info"}
{"message":"/assets/public/content/do_312588230758703104117281/artifact/stamp_1536649262946.jpg ------- do_312588233808412672216888 -------- LHS[0] ------- TYPE image \n","level":"info"}
{"message":"/assets/public/content/do_312588231264567296216884/artifact/paper_1536649324575.jpg ------- do_312588233808412672216888 -------- RHS[0] ------- TYPE image \n","level":"info"}
{"message":"/assets/public/content/do_312588232078008320216885/artifact/black_1536649423723.png ------- do_312588233808412672216888 -------- LHS[1] ------- TYPE image \n","level":"info"}
{"message":"/assets/public/content/do_312588232763564032216886/artifact/board_1536649507944.png ------- do_312588233808412672216888 -------- RHS[1] ------- TYPE image \n","level":"info"}
{"message":"/assets/public/content/do_312595255834337280191/artifact/his1_1537506815878.png ------- do_3125952620514426881101 -------- LHS[0] ------- TYPE image \n","level":"info"}
{"message":"/assets/public/content/do_312595257442484224193/artifact/his22_1537507012190.png ------- do_3125952620514426881101 -------- RHS[0] ------- TYPE image \n","level":"info"}
{"message":"/assets/public/content/do_312595256081637376282/artifact/his2_1537506846032.png ------- do_3125952620514426881101 -------- LHS[1] ------- TYPE image \n","level":"info"}
{"message":"/assets/public/content/do_312595257850839040289/artifact/his44_1537507061977.png ------- do_3125952620514426881101 -------- RHS[1] ------- TYPE image \n","level":"info"}
{"message":"/assets/public/content/do_312595256264204288192/artifact/his3_1537506868318.png ------- do_3125952620514426881101 -------- LHS[2] ------- TYPE image \n","level":"info"}
{"message":"/assets/public/content/do_312595258106134528196/artifact/his11_1537507093139.png ------- do_3125952620514426881101 -------- RHS[2] ------- TYPE image \n","level":"info"}
{"message":"/assets/public/content/do_312595256413724672283/artifact/his4_1537506886533.png ------- do_3125952620514426881101 -------- LHS[3] ------- TYPE image \n","level":"info"}
{"message":"/assets/public/content/do_312595258387570688290/artifact/his33_1537507127525.png ------- do_3125952620514426881101 -------- RHS[3] ------- TYPE image \n","level":"info"}
{"message":"/assets/public/content/do_3125961199494758402648/artifact/q101_1537612298618.png ------- do_3125961240529387522658 -------- LHS[0] ------- TYPE image \n","level":"info"}
{"message":"/assets/public/content/do_3125961212238233601640/artifact/q10c_1537612454185.jpg ------- do_3125961240529387522658 -------- RHS[0] ------- TYPE image \n","level":"info"}
{"message":"/assets/public/content/do_3125961202689802242650/artifact/q102_1537612337621.png ------- do_3125961240529387522658 -------- LHS[1] ------- TYPE image \n","level":"info"}
{"message":"/assets/public/content/do_3125961201157734402649/artifact/q10a_1537612318999.jpg ------- do_3125961240529387522658 -------- RHS[1] ------- TYPE image \n","level":"info"}
{"message":"/assets/public/content/do_3125961210810122242653/artifact/q103_1537612436771.png ------- do_3125961240529387522658 -------- LHS[2] ------- TYPE image \n","level":"info"}
{"message":"/assets/public/content/do_3125961203905085442651/artifact/q10b_1537612352460.jpg ------- do_3125961240529387522658 -------- RHS[2] ------- TYPE image \n","level":"info"}
{"message":"/assets/public/content/do_31259748211276185611006/artifact/capture2_1537778578333.png ------- do_3125961796575723521678 -------- LHS[0] ------- TYPE image \n","level":"info"}
{"message":"/assets/public/content/do_312593834031677440223241/artifact/paddy-crop_1537333256991.jpg ------- do_3125961796575723521678 -------- RHS[0] ------- TYPE image \n","level":"info"}
{"message":"/assets/public/content/do_31259748239426355221061/artifact/capture4_1537778613081.png ------- do_3125961796575723521678 -------- LHS[1] ------- TYPE image \n","level":"info"}
{"message":"/assets/public/content/do_312593834862051328123420/artifact/harvest_1537333358371.jpg ------- do_3125961796575723521678 -------- RHS[1] ------- TYPE image \n","level":"info"}
{"message":"/assets/public/content/do_31259748252128051221062/artifact/capture6_1537778628223.png ------- do_3125961796575723521678 -------- LHS[2] ------- TYPE image \n","level":"info"}
{"message":"/assets/public/content/do_3125961790183751682697/artifact/winnowing_1537619509245.jpg ------- do_3125961796575723521678 -------- RHS[2] ------- TYPE image \n","level":"info"}
{"message":"/assets/public/content/do_312519538421006336110289/artifact/cg-word-2_1528263967786.jpg ------- do_3125972811956060161930 -------- LHS[0] ------- TYPE image \n","level":"info"}
{"message":"/assets/public/content/do_312519527236796416110287/artifact/170477-004-b774bddf_1528262602247.jpg ------- do_3125972811956060161930 -------- RHS[0] ------- TYPE image \n","level":"info"}
{"message":"/assets/public/content/do_312519528077303808210263/artifact/large-abacus_1528262705135.png ------- do_3125972811956060161930 -------- LHS[1] ------- TYPE image \n","level":"info"}
{"message":"/assets/public/content/do_312519538421006336110289/artifact/cg-word-2_1528263967786.jpg ------- do_3125972811956060161930 -------- RHS[1] ------- TYPE image \n","level":"info"}
{"message":"/assets/public/content/do_3125961199494758402648/artifact/q101_1537612298618.png ------- do_31259741125544345621010 -------- LHS[0] ------- TYPE image \n","level":"info"}
{"message":"/assets/public/content/do_3125974084922490881962/artifact/q10ceng_1537769591431.png ------- do_31259741125544345621010 -------- RHS[0] ------- TYPE image \n","level":"info"}
{"message":"/assets/public/content/do_3125961202689802242650/artifact/q102_1537612337621.png ------- do_31259741125544345621010 -------- LHS[1] ------- TYPE image \n","level":"info"}
{"message":"/assets/public/content/do_3125974087947468801965/artifact/q10aeng_1537769628360.png ------- do_31259741125544345621010 -------- RHS[1] ------- TYPE image \n","level":"info"}
{"message":"/assets/public/content/do_3125961210810122242653/artifact/q103_1537612436771.png ------- do_31259741125544345621010 -------- LHS[2] ------- TYPE image \n","level":"info"}
{"message":"/assets/public/content/do_3125974090916167681966/artifact/q10beng_1537769664602.png ------- do_31259741125544345621010 -------- RHS[2] ------- TYPE image \n","level":"info"}
{"message":"/assets/public/content/do_31259827293969612811476/artifact/3_1537875115769.jpg ------- do_31259839530841702411516 -------- LHS[0] ------- TYPE image \n","level":"info"}
{"message":"/assets/public/content/do_31259827332695654411477/artifact/4_1537875162258.jpg ------- do_31259839530841702411516 -------- RHS[0] ------- TYPE image \n","level":"info"}
{"message":"/assets/public/content/do_31259827355473510421526/artifact/presentation1_1537875191980.jpg ------- do_31259839530841702411516 -------- LHS[1] ------- TYPE image \n","level":"info"}
{"message":"/assets/public/content/do_31259827376664576011479/artifact/2_1537875219461.jpg ------- do_31259839530841702411516 -------- RHS[1] ------- TYPE image \n","level":"info"}
{"message":"/assets/public/content/do_31259827532394496021527/artifact/5_1537875406361.jpg ------- do_31259839530841702411516 -------- LHS[2] ------- TYPE image \n","level":"info"}
{"message":"/assets/public/content/do_31259827547577548821528/artifact/6_1537875424621.jpg ------- do_31259839530841702411516 -------- RHS[2] ------- TYPE image \n","level":"info"}
{"message":"/assets/public/content/do_31259827570801049621529/artifact/8_1537875452898.jpg ------- do_31259839530841702411516 -------- LHS[3] ------- TYPE image \n","level":"info"}
{"message":"/assets/public/content/do_31259827595187814411480/artifact/7_1537875485815.jpg ------- do_31259839530841702411516 -------- RHS[3] ------- TYPE image \n","level":"info"}
{"message":"/assets/public/content/do_31259842204576972821571/artifact/9_1537893316476.jpg ------- do_31259842455226777611533 -------- LHS[0] ------- TYPE image \n","level":"info"}
{"message":"/assets/public/content/do_31259842230209740821572/artifact/15_1537893347832.jpg ------- do_31259842455226777611533 -------- RHS[0] ------- TYPE image \n","level":"info"}
{"message":"/assets/public/content/do_31259842250808524821573/artifact/10_1537893373034.jpg ------- do_31259842455226777611533 -------- LHS[1] ------- TYPE image \n","level":"info"}
{"message":"/assets/public/content/do_31259842266169344011528/artifact/16_1537893391890.jpg ------- do_31259842455226777611533 -------- RHS[1] ------- TYPE image \n","level":"info"}
{"message":"/assets/public/content/do_31259842289170841611529/artifact/11_1537893419838.jpg ------- do_31259842455226777611533 -------- LHS[2] ------- TYPE image \n","level":"info"}
{"message":"/assets/public/content/do_31259842307355443211530/artifact/13_1537893441954.jpg ------- do_31259842455226777611533 -------- RHS[2] ------- TYPE image \n","level":"info"}
{"message":"/assets/public/content/do_31259842362006732811531/artifact/12_1537893508598.jpg ------- do_31259842455226777611533 -------- LHS[3] ------- TYPE image \n","level":"info"}
{"message":"/assets/public/content/do_31259842387234816011532/artifact/14_1537893539619.jpg ------- do_31259842455226777611533 -------- RHS[3] ------- TYPE image \n","level":"info"}
{"message":"/assets/public/content/do_31259877779905740811613/artifact/27_1537936743556.jpg ------- do_31259878302423449621656 -------- LHS[0] ------- TYPE image \n","level":"info"}
{"message":"/assets/public/content/do_31259877803959910421645/artifact/31_1537936772687.jpg ------- do_31259878302423449621656 -------- RHS[0] ------- TYPE image \n","level":"info"}
{"message":"/assets/public/content/do_31259877834443161621646/artifact/28_1537936809929.jpg ------- do_31259878302423449621656 -------- LHS[1] ------- TYPE image \n","level":"info"}
{"message":"/assets/public/content/do_31259877856585318421648/artifact/32_1537936836941.jpg ------- do_31259878302423449621656 -------- RHS[1] ------- TYPE image \n","level":"info"}
{"message":"/assets/public/content/do_31259877875387596821649/artifact/29_1537936860456.jpg ------- do_31259878302423449621656 -------- LHS[2] ------- TYPE image \n","level":"info"}
{"message":"/assets/public/content/do_31259877953640038421650/artifact/33_1537936960099.jpg ------- do_31259878302423449621656 -------- RHS[2] ------- TYPE image \n","level":"info"}
{"message":"/assets/public/content/do_31259878000490905611615/artifact/30_1537937012619.jpg ------- do_31259878302423449621656 -------- LHS[3] ------- TYPE image \n","level":"info"}
{"message":"/assets/public/content/do_31259878136215142421653/artifact/34_1537937178341.jpg ------- do_31259878302423449621656 -------- RHS[3] ------- TYPE image \n","level":"info"}
{"message":"/assets/public/content/do_31259880850519654421713/artifact/27_1537940491620.jpg ------- do_31259881167382118411693 -------- LHS[0] ------- TYPE image \n","level":"info"}
{"message":"/assets/public/content/do_31259880876466176021714/artifact/31_1537940523501.jpg ------- do_31259881167382118411693 -------- RHS[0] ------- TYPE image \n","level":"info"}
{"message":"/assets/public/content/do_31259880897506508811679/artifact/28_1537940549066.jpg ------- do_31259881167382118411693 -------- LHS[1] ------- TYPE image \n","level":"info"}
{"message":"/assets/public/content/do_31259880923495628811684/artifact/32_1537940580997.jpg ------- do_31259881167382118411693 -------- RHS[1] ------- TYPE image \n","level":"info"}
{"message":"/assets/public/content/do_31259880970147430411687/artifact/29_1537940637731.jpg ------- do_31259881167382118411693 -------- LHS[2] ------- TYPE image \n","level":"info"}
{"message":"/assets/public/content/do_31259880993088307221717/artifact/33_1537940665658.jpg ------- do_31259881167382118411693 -------- RHS[2] ------- TYPE image \n","level":"info"}
{"message":"/assets/public/content/do_31259881017509478421720/artifact/30_1537940695552.jpg ------- do_31259881167382118411693 -------- LHS[3] ------- TYPE image \n","level":"info"}
{"message":"/assets/public/content/do_31259881037855129611689/artifact/34_1537940720397.jpg ------- do_31259881167382118411693 -------- RHS[3] ------- TYPE image \n","level":"info"}
{"message":"/assets/public/content/do_31259882914630860811733/artifact/35_1537943011231.jpg ------- do_31259882995297484811735 -------- LHS[0] ------- TYPE image \n","level":"info"}
{"message":"/assets/public/content/do_31259882896398745611731/artifact/39_1537942989036.jpg ------- do_31259882995297484811735 -------- RHS[0] ------- TYPE image \n","level":"info"}
{"message":"/assets/public/content/do_31259882878174822421764/artifact/36_1537942966794.jpg ------- do_31259882995297484811735 -------- LHS[1] ------- TYPE image \n","level":"info"}
{"message":"/assets/public/content/do_31259882848595148821763/artifact/40_1537942930630.jpg ------- do_31259882995297484811735 -------- RHS[1] ------- TYPE image \n","level":"info"}
{"message":"/assets/public/content/do_31259882825886924811728/artifact/37_1537942902910.jpg ------- do_31259882995297484811735 -------- LHS[2] ------- TYPE image \n","level":"info"}
{"message":"/assets/public/content/do_31259882802702745621762/artifact/41_1537942874800.jpg ------- do_31259882995297484811735 -------- RHS[2] ------- TYPE image \n","level":"info"}
{"message":"/assets/public/content/do_31259882780574515211727/artifact/38_1537942847864.jpg ------- do_31259882995297484811735 -------- LHS[3] ------- TYPE image \n","level":"info"}
{"message":"/assets/public/content/do_31259882757779456021760/artifact/42_1537942819819.jpg ------- do_31259882995297484811735 -------- RHS[3] ------- TYPE image \n","level":"info"}
{"message":"/assets/public/content/do_31259887014651494421845/artifact/h1_1537948016093.png ------- do_31259887352533811221849 -------- LHS[0] ------- TYPE image \n","level":"info"}
{"message":"/assets/public/content/do_31259887026868224021846/artifact/h11_1537948031130.png ------- do_31259887352533811221849 -------- RHS[0] ------- TYPE image \n","level":"info"}
{"message":"/assets/public/content/do_31259887038847385611821/artifact/h2_1537948045712.png ------- do_31259887352533811221849 -------- LHS[1] ------- TYPE image \n","level":"info"}
{"message":"/assets/public/content/do_31259887052564070411823/artifact/h22_1537948062355.png ------- do_31259887352533811221849 -------- RHS[1] ------- TYPE image \n","level":"info"}
{"message":"/assets/public/content/do_31259887066732134411824/artifact/h3_1537948079631.png ------- do_31259887352533811221849 -------- LHS[2] ------- TYPE image \n","level":"info"}
{"message":"/assets/public/content/do_31259887082937548821847/artifact/h33_1537948099465.png ------- do_31259887352533811221849 -------- RHS[2] ------- TYPE image \n","level":"info"}
{"message":"/assets/public/content/do_31259887112140390411825/artifact/h4_1537948135057.png ------- do_31259887352533811221849 -------- LHS[3] ------- TYPE image \n","level":"info"}
{"message":"/assets/public/content/do_31259887141681561621848/artifact/h44_1537948171130.png ------- do_31259887352533811221849 -------- RHS[3] ------- TYPE image \n","level":"info"}
{"message":"/assets/public/content/do_31259887375476326421850/artifact/43_1537948456641.jpg ------- do_31259887594237132821855 -------- LHS[0] ------- TYPE image \n","level":"info"}
{"message":"/assets/public/content/do_31259887393990246411826/artifact/50_1537948479256.jpg ------- do_31259887594237132821855 -------- RHS[0] ------- TYPE image \n","level":"info"}
{"message":"/assets/public/content/do_31259887421707059221851/artifact/44_1537948513114.jpg ------- do_31259887594237132821855 -------- LHS[1] ------- TYPE image \n","level":"info"}
{"message":"/assets/public/content/do_31259887441998643211827/artifact/49_1537948537907.jpg ------- do_31259887594237132821855 -------- RHS[1] ------- TYPE image \n","level":"info"}
{"message":"/assets/public/content/do_31259887470437990411828/artifact/45_1537948572722.jpg ------- do_31259887594237132821855 -------- LHS[2] ------- TYPE image \n","level":"info"}
{"message":"/assets/public/content/do_31259887490348646421852/artifact/48_1537948596914.jpg ------- do_31259887594237132821855 -------- RHS[2] ------- TYPE image \n","level":"info"}
{"message":"/assets/public/content/do_31259887515052441621853/artifact/46_1537948627062.jpg ------- do_31259887594237132821855 -------- LHS[3] ------- TYPE image \n","level":"info"}
{"message":"/assets/public/content/do_31259887534304460821854/artifact/47_1537948650713.jpg ------- do_31259887594237132821855 -------- RHS[3] ------- TYPE image \n","level":"info"}
{"message":"/assets/public/content/do_31259891539709132811904/artifact/51_1537953540510.jpg ------- do_31259891837938073611915 -------- LHS[0] ------- TYPE image \n","level":"info"}
{"message":"/assets/public/content/do_31259891558373785621920/artifact/26_1537953563458.jpg ------- do_31259891837938073611915 -------- RHS[0] ------- TYPE image \n","level":"info"}
{"message":"/assets/public/content/do_31259891579357593611907/artifact/18_1537953589098.jpg ------- do_31259891837938073611915 -------- LHS[1] ------- TYPE image \n","level":"info"}
{"message":"/assets/public/content/do_31259891604026163221923/artifact/60_1537953618867.jpg ------- do_31259891837938073611915 -------- RHS[1] ------- TYPE image \n","level":"info"}
{"message":"/assets/public/content/do_31259891627763302421924/artifact/19_1537953647695.jpg ------- do_31259891837938073611915 -------- LHS[2] ------- TYPE image \n","level":"info"}
{"message":"/assets/public/content/do_31259891658484940821926/artifact/24_1537953685590.jpg ------- do_31259891837938073611915 -------- RHS[2] ------- TYPE image \n","level":"info"}
{"message":"/assets/public/content/do_31259891681195622421927/artifact/20_1537953713054.jpg ------- do_31259891837938073611915 -------- LHS[3] ------- TYPE image \n","level":"info"}
{"message":"/assets/public/content/do_31259891700668825611910/artifact/23_1537953737434.jpg ------- do_31259891837938073611915 -------- RHS[3] ------- TYPE image \n","level":"info"}
{"message":"/assets/public/content/do_31259892509235609621958/artifact/62_1537954724458.jpg ------- do_31259892628640563221962 -------- LHS[0] ------- TYPE image \n","level":"info"}
{"message":"/assets/public/content/do_31259892480904396811934/artifact/69_1537954689566.jpg ------- do_31259892628640563221962 -------- RHS[0] ------- TYPE image \n","level":"info"}
{"message":"/assets/public/content/do_31259892378533888011932/artifact/63_1537954564407.jpg ------- do_31259892628640563221962 -------- LHS[1] ------- TYPE image \n","level":"info"}
{"message":"/assets/public/content/do_31259892357204377611930/artifact/66_1537954538361.jpg ------- do_31259892628640563221962 -------- RHS[1] ------- TYPE image \n","level":"info"}
{"message":"/assets/public/content/do_31259892334790246421953/artifact/64_1537954510791.jpg ------- do_31259892628640563221962 -------- LHS[2] ------- TYPE image \n","level":"info"}
{"message":"/assets/public/content/do_31259892312084480011928/artifact/67_1537954483320.jpg ------- do_31259892628640563221962 -------- RHS[2] ------- TYPE image \n","level":"info"}
{"message":"/assets/public/content/do_31259892285000089621951/artifact/65_1537954450242.jpg ------- do_31259892628640563221962 -------- LHS[3] ------- TYPE image \n","level":"info"}
{"message":"/assets/public/content/do_31259892263985152011925/artifact/68_1537954424601.jpg ------- do_31259892628640563221962 -------- RHS[3] ------- TYPE image \n","level":"info"}
{"message":"/assets/public/content/do_31259962428642918412425/artifact/capturee5_1538040074207.png ------- do_31259962699947212812436 -------- LHS[0] ------- TYPE image \n","level":"info"}
{"message":"/assets/public/content/do_31259962478474035212427/artifact/paddy-crop_1538040135273.jpg ------- do_31259962699947212812436 -------- RHS[0] ------- TYPE image \n","level":"info"}
{"message":"/assets/public/content/do_31259962504756428812429/artifact/e4_1538040167145.png ------- do_31259962699947212812436 -------- LHS[1] ------- TYPE image \n","level":"info"}
{"message":"/assets/public/content/do_31259962565272371212432/artifact/harvest_1538040241274.jpg ------- do_31259962699947212812436 -------- RHS[1] ------- TYPE image \n","level":"info"}
{"message":"/assets/public/content/do_31259962520696422412430/artifact/e6_1538040186586.png ------- do_31259962699947212812436 -------- LHS[2] ------- TYPE image \n","level":"info"}
{"message":"/assets/public/content/do_31259962546925568012431/artifact/winnowing_1538040218621.jpg ------- do_31259962699947212812436 -------- RHS[2] ------- TYPE image \n","level":"info"}
{"message":"/assets/public/content/do_312607387496218624111864/artifact/morning-clipart-toddler-bed-10_1538987733400.jpg ------- do_312607384469471232211622 -------- LHS[0] ------- TYPE image \n","level":"info"}
{"message":"/assets/public/content/do_312607387791556608111865/artifact/kit-em-eva-menina-e-menino-com-mochila-d_nq_np_261511-mlb20554175804_012016-o_1538987768366.jpg ------- do_312607384469471232211622 -------- RHS[0] ------- TYPE image \n","level":"info"}
{"message":"/assets/public/content/do_312607387972837376111867/artifact/e82e1ccdbd02db571edc35e34bd59aec_1538987791197.jpg ------- do_312607384469471232211622 -------- LHS[1] ------- TYPE image \n","level":"info"}
{"message":"/assets/public/content/do_312607388336021504111869/artifact/d475e52eb6f085c08db02a4b2e300f86_1538987835727.jpg ------- do_312607384469471232211622 -------- RHS[1] ------- TYPE image \n","level":"info"}
{"message":"/assets/public/content/do_31259760422706380821181/artifact/1-min_1537793485345.jpg ------- do_312607384469471232211622 -------- LHS[2] ------- TYPE image \n","level":"info"}
{"message":"/assets/public/content/do_31259759645051289611115/artifact/36777910-happy-school-children-cartoon-in-front-of-school_1537792536976.jpg ------- do_312607384469471232211622 -------- RHS[2] ------- TYPE image \n","level":"info"}
{"message":"/assets/public/content/do_31244094803238912023058/artifact/1_1518670414297.png ------- do_312607391488679936211633 -------- LHS[0] ------- TYPE image \n","level":"info"}
{"message":"/assets/public/content/do_31244094803238912023058/artifact/1_1518670414297.png ------- do_312607391488679936211633 -------- RHS[0] ------- TYPE image \n","level":"info"}
{"message":"/assets/public/content/do_31244047301546803222749/artifact/2_1518612428942.jpg ------- do_312607391488679936211633 -------- LHS[1] ------- TYPE image \n","level":"info"}
{"message":"/assets/public/content/do_31244047301546803222749/artifact/2_1518612428942.jpg ------- do_312607391488679936211633 -------- RHS[1] ------- TYPE image \n","level":"info"}
{"message":"/assets/public/content/do_31244048722790809612673/artifact/3_1518614163852.jpg ------- do_312607391488679936211633 -------- LHS[2] ------- TYPE image \n","level":"info"}
{"message":"/assets/public/content/do_31244048722790809612673/artifact/3_1518614163852.jpg ------- do_312607391488679936211633 -------- RHS[2] ------- TYPE image \n","level":"info"}
{"message":"/assets/public/content/do_31252960198866534424232/artifact/a_1529492430542.png ------- do_312607391488679936211633 -------- LHS[3] ------- TYPE image \n","level":"info"}
{"message":"/assets/public/content/do_31252960198866534424232/artifact/a_1529492430542.png ------- do_312607391488679936211633 -------- RHS[3] ------- TYPE image \n","level":"info"}
{"message":"/assets/public/content/do_312609764534034432112887/artifact/new6_1539277897339.png ------- do_312609765191442432112890 -------- LHS[0] ------- TYPE image \n","level":"info"}
{"message":"/assets/public/content/do_312609764534034432112887/artifact/new6_1539277897339.png ------- do_312609765191442432112890 -------- RHS[0] ------- TYPE image \n","level":"info"}
{"message":"/assets/public/content/do_312609764708417536112888/artifact/new7_1539277918645.jpg ------- do_312609765191442432112890 -------- LHS[1] ------- TYPE image \n","level":"info"}
{"message":"/assets/public/content/do_312609764708417536112888/artifact/new7_1539277918645.jpg ------- do_312609765191442432112890 -------- RHS[1] ------- TYPE image \n","level":"info"}
{"message":"/assets/public/content/do_312609764874297344112889/artifact/new8_1539277938951.jpg ------- do_312609765191442432112890 -------- LHS[2] ------- TYPE image \n","level":"info"}
{"message":"/assets/public/content/do_312609764955709440212631/artifact/new8_1539277948826.jpg ------- do_312609765191442432112890 -------- RHS[2] ------- TYPE image \n","level":"info"}
{"message":"/assets/public/content/do_312607470374092800111945/artifact/1_1538997848501.png ------- do_312609765191442432112890 -------- LHS[3] ------- TYPE image \n","level":"info"}
{"message":"/assets/public/content/do_312607470374092800111945/artifact/1_1538997848501.png ------- do_312609765191442432112890 -------- RHS[3] ------- TYPE image \n","level":"info"}
{"message":"/assets/public/content/do_3122677305488588801490/artifact/rabbit_wd_1497525702168.png ------- do_312611830658990080134 -------- RHS[3] ------- TYPE image \n","level":"info"}
{"message":"/assets/public/content/do_31239669116137472015912/artifact/mouse_4169_1513267964_1513267964388.png ------- do_312611830658990080134 -------- RHS[4] ------- TYPE image \n","level":"info"}
{"message":"/assets/public/content/do_3122677305488588801490/artifact/rabbit_wd_1497525702168.png ------- do_312610933185003520212932 -------- RHS[3] ------- TYPE image \n","level":"info"}
{"message":"/assets/public/content/do_31239669116137472015912/artifact/mouse_4169_1513267964_1513267964388.png ------- do_312610933185003520212932 -------- RHS[4] ------- TYPE image \n","level":"info"}
{"message":"/assets/public/content/do_312607470374092800111945/artifact/1_1538997848501.png ------- do_3126124472131993602396 -------- LHS[0] ------- TYPE image \n","level":"info"}
{"message":"/assets/public/content/do_312607470477189120111946/artifact/2_1538997861076.jpg ------- do_3126124472131993602396 -------- RHS[0] ------- TYPE image \n","level":"info"}
{"message":"/assets/public/content/do_312607470587437056211710/artifact/3_1538997874626.jpg ------- do_3126124472131993602396 -------- LHS[1] ------- TYPE image \n","level":"info"}
{"message":"/assets/public/content/do_312607470741291008111947/artifact/4_1538997893350.jpg ------- do_3126124472131993602396 -------- RHS[1] ------- TYPE image \n","level":"info"}
{"message":"/assets/public/content/do_31238878348382208022889/artifact/assetsegg_2411_1512302671_1512302671542.jpg ------- do_3126129628193996801238 -------- RHS[0] ------- TYPE image \n","level":"info"}
{"message":"/assets/public/content/do_3124176486667550721270/artifact/assetspencil-drawing-clipart-description-education-pencil-office-tool-writing-pencil-clip-art_2453_1515826253_1515826253383.jpg ------- do_3126129628193996801238 -------- LHS[1] ------- TYPE image \n","level":"info"}
{"message":"/assets/public/content/do_31221749417469542425318/artifact/notebook_1491393332116.png ------- do_3126129628193996801238 -------- RHS[1] ------- TYPE image \n","level":"info"}
{"message":"/assets/public/content/do_312301546505789440294/artifact/assetsumbrella_wd_356_1501653563_1501653636174.png ------- do_3126129628193996801238 -------- LHS[2] ------- TYPE image \n","level":"info"}
{"message":"/assets/public/content/do_312463136095453184114268/artifact/assets2c9e691ec50118ec33d01ea49cb4db48-rainy-night-rainy-days_6160_1521378917_1521378918020.jpg ------- do_3126129628193996801238 -------- RHS[2] ------- TYPE image \n","level":"info"}
{"message":"/assets/public/content/do_31221748356675174415199/artifact/teacher_1_1491392066970.png ------- do_3126129628193996801238 -------- LHS[3] ------- TYPE image \n","level":"info"}
{"message":"/assets/public/content/do_31243039622687129612302/artifact/black_board_4150_1517382358_1517382358258.jpg ------- do_3126129628193996801238 -------- RHS[3] ------- TYPE image \n","level":"info"}
{"message":"/assets/public/content/do_31238878348382208022889/artifact/assetsegg_2411_1512302671_1512302671542.jpg ------- do_3126129902259814402478 -------- RHS[0] ------- TYPE image \n","level":"info"}
{"message":"/assets/public/content/do_3124176486667550721270/artifact/assetspencil-drawing-clipart-description-education-pencil-office-tool-writing-pencil-clip-art_2453_1515826253_1515826253383.jpg ------- do_3126129902259814402478 -------- LHS[1] ------- TYPE image \n","level":"info"}
{"message":"/assets/public/content/do_31221749417469542425318/artifact/notebook_1491393332116.png ------- do_3126129902259814402478 -------- RHS[1] ------- TYPE image \n","level":"info"}
{"message":"/assets/public/content/do_312301546505789440294/artifact/assetsumbrella_wd_356_1501653563_1501653636174.png ------- do_3126129902259814402478 -------- LHS[2] ------- TYPE image \n","level":"info"}
{"message":"/assets/public/content/do_312463136095453184114268/artifact/assets2c9e691ec50118ec33d01ea49cb4db48-rainy-night-rainy-days_6160_1521378917_1521378918020.jpg ------- do_3126129902259814402478 -------- RHS[2] ------- TYPE image \n","level":"info"}
{"message":"/assets/public/content/do_31221748356675174415199/artifact/teacher_1_1491392066970.png ------- do_3126129902259814402478 -------- LHS[3] ------- TYPE image \n","level":"info"}
{"message":"/assets/public/content/do_31243039622687129612302/artifact/black_board_4150_1517382358_1517382358258.jpg ------- do_3126129902259814402478 -------- RHS[3] ------- TYPE image \n","level":"info"}
